<?xml version="1.0" encoding="UTF-8"?>
<!-- Generated by org.testng.reporters.JUnitReportReporter -->
<testsuite hostname="LAPTOP-07GT6MST" failures="0" tests="2" name="qaclickacademy.Mavenjava.Appium" time="0.009" errors="0" timestamp="2020-10-28T12:34:17 IST" skipped="0">
  <testcase classname="qaclickacademy.Mavenjava.Appium" name="IOSApps" time="0.008"/>
  <system-out/>
  <testcase classname="qaclickacademy.Mavenjava.Appium" name="NativeAppAndroida" time="0.001"/>
  <system-out/>
</testsuite> <!-- qaclickacademy.Mavenjava.Appium -->
