<?xml version="1.0" encoding="UTF-8"?>
<!-- Generated by org.testng.reporters.JUnitReportReporter -->
<testsuite hostname="LAPTOP-07GT6MST" failures="0" tests="2" name="qaclickacademy.Mavenjava.AppiumTest" time="0.012" errors="0" timestamp="2020-10-28T17:05:24 IST" skipped="0">
  <testcase classname="qaclickacademy.Mavenjava.AppiumTest" name="IOSApps" time="0.010"/>
  <system-out/>
  <testcase classname="qaclickacademy.Mavenjava.AppiumTest" name="NativeAppAndroida" time="0.002"/>
  <system-out/>
</testsuite> <!-- qaclickacademy.Mavenjava.AppiumTest -->
