<?xml version="1.0" encoding="UTF-8"?>
<!-- Generated by org.testng.reporters.JUnitReportReporter -->
<testsuite hostname="LAPTOP-07GT6MST" name="qaclickacademy.Mavenjava.SeleniumTest" tests="2" failures="0" timestamp="29 Oct 2020 06:05:44 GMT" time="0.001" errors="0">
  <testcase name="BrowserAutomation" time="0.001" classname="qaclickacademy.Mavenjava.SeleniumTest"/>
  <testcase name="elementsuit" time="0.000" classname="qaclickacademy.Mavenjava.SeleniumTest"/>
</testsuite>
