<?xml version="1.0" encoding="UTF-8"?>
<!-- Generated by org.testng.reporters.JUnitReportReporter -->
<testsuite hostname="LAPTOP-07GT6MST" name="qaclickacademy.Mavenjava.AppiumTest" tests="2" failures="0" timestamp="29 Oct 2020 06:05:44 GMT" time="0.014" errors="0">
  <testcase name="IOSApps" time="0.013" classname="qaclickacademy.Mavenjava.AppiumTest"/>
  <testcase name="NativeAppAndroida" time="0.001" classname="qaclickacademy.Mavenjava.AppiumTest"/>
</testsuite>
